<?xml version="1.0" encoding="UTF-8"?>
<!-- Generated by org.testng.reporters.JUnitReportReporter -->
<testsuite hostname="Raji" failures="0" tests="3" name="com.qa.testcases.LoginPageTest" time="23.959" errors="0" timestamp="2023-12-07T02:14:18 IST" skipped="0">
  <testcase classname="com.qa.testcases.LoginPageTest" name="LoginPageTitleTest" time="5.211"/>
  <testcase classname="com.qa.testcases.LoginPageTest" name="LoginButtonVisibilityTest" time="6.713"/>
  <testcase classname="com.qa.testcases.LoginPageTest" name="LoginTest" time="12.035"/>
</testsuite> <!-- com.qa.testcases.LoginPageTest -->
