<?xml version="1.0" encoding="UTF-8"?>
<!-- Generated by org.testng.reporters.JUnitReportReporter -->
<testsuite hostname="Raji" failures="0" tests="3" name="com.qa.testcases.LoginPageTest" time="28.204" errors="0" timestamp="2023-12-06T17:06:26 IST" skipped="0">
  <testcase classname="com.qa.testcases.LoginPageTest" name="LoginPageTitleTest" time="8.256"/>
  <testcase classname="com.qa.testcases.LoginPageTest" name="LoginButtonVisibilityTest" time="6.131"/>
  <testcase classname="com.qa.testcases.LoginPageTest" name="LoginTest" time="13.817"/>
</testsuite> <!-- com.qa.testcases.LoginPageTest -->
