<?xml version="1.0" encoding="UTF-8"?>
<!-- Generated by org.testng.reporters.JUnitReportReporter -->
<testsuite hostname="Raji" failures="0" tests="6" name="com.qa.testcases.ContactsPageTest" time="109.052" errors="0" timestamp="2023-12-06T17:06:26 IST" skipped="0">
  <testcase classname="com.qa.testcases.ContactsPageTest" name="vefiryContactsPageTitle" time="13.849"/>
  <testcase classname="com.qa.testcases.ContactsPageTest" name="SelectContactByName" time="15.190"/>
  <testcase classname="com.qa.testcases.ContactsPageTest" name="SelectContactByAllName" time="15.348"/>
  <testcase classname="com.qa.testcases.ContactsPageTest" name="CreatingNewContactOnContactPage" time="22.737"/>
  <testcase classname="com.qa.testcases.ContactsPageTest" name="CreatingNewContactOnContactPage" time="20.749"/>
  <testcase classname="com.qa.testcases.ContactsPageTest" name="CreatingNewContactOnContactPage" time="21.179"/>
</testsuite> <!-- com.qa.testcases.ContactsPageTest -->
