<?xml version="1.0" encoding="UTF-8"?>
<!-- Generated by org.testng.reporters.JUnitReportReporter -->
<testsuite hostname="Raji" failures="0" tests="3" name="com.qa.testcases.HomePageTest" time="38.268" errors="0" timestamp="2023-12-07T02:14:18 IST" skipped="0">
  <testcase classname="com.qa.testcases.HomePageTest" name="PageTitleTest" time="11.010"/>
  <testcase classname="com.qa.testcases.HomePageTest" name="VerifyTheUsernameOnPage" time="14.371"/>
  <testcase classname="com.qa.testcases.HomePageTest" name="VerifyContactsPage" time="12.887"/>
</testsuite> <!-- com.qa.testcases.HomePageTest -->
