<?xml version="1.0" encoding="UTF-8"?>
<!-- Generated by org.testng.reporters.JUnitReportReporter -->
<testsuite hostname="Raji" failures="0" tests="3" name="com.qa.testcases.HomePageTest" time="41.351" errors="0" timestamp="2023-12-06T17:06:26 IST" skipped="0">
  <testcase classname="com.qa.testcases.HomePageTest" name="PageTitleTest" time="13.995"/>
  <testcase classname="com.qa.testcases.HomePageTest" name="VerifyTheUsernameOnPage" time="13.770"/>
  <testcase classname="com.qa.testcases.HomePageTest" name="VerifyContactsPage" time="13.586"/>
</testsuite> <!-- com.qa.testcases.HomePageTest -->
