<?xml version="1.0" encoding="UTF-8"?>
<!-- Generated by org.testng.reporters.JUnitReportReporter -->
<testsuite hostname="Raji" failures="0" tests="3" name="com.qa.testcases.LoginPageTest" time="29.512" errors="0" timestamp="2023-12-06T18:48:35 IST" skipped="0">
  <testcase classname="com.qa.testcases.LoginPageTest" name="LoginPageTitleTest" time="6.572"/>
  <testcase classname="com.qa.testcases.LoginPageTest" name="LoginButtonVisibilityTest" time="7.100"/>
  <testcase classname="com.qa.testcases.LoginPageTest" name="LoginTest" time="15.840"/>
</testsuite> <!-- com.qa.testcases.LoginPageTest -->
