<?xml version="1.0" encoding="UTF-8"?>
<!-- Generated by org.testng.reporters.JUnitReportReporter -->
<testsuite hostname="Raji" failures="0" tests="6" name="com.qa.testcases.ContactsPageTest" time="113.988" errors="0" timestamp="2023-12-06T18:48:35 IST" skipped="0">
  <testcase classname="com.qa.testcases.ContactsPageTest" name="vefiryContactsPageTitle" time="14.535"/>
  <testcase classname="com.qa.testcases.ContactsPageTest" name="SelectContactByName" time="16.325"/>
  <testcase classname="com.qa.testcases.ContactsPageTest" name="SelectContactByAllName" time="15.658"/>
  <testcase classname="com.qa.testcases.ContactsPageTest" name="CreatingNewContactOnContactPage" time="22.408"/>
  <testcase classname="com.qa.testcases.ContactsPageTest" name="CreatingNewContactOnContactPage" time="23.391"/>
  <testcase classname="com.qa.testcases.ContactsPageTest" name="CreatingNewContactOnContactPage" time="21.671"/>
</testsuite> <!-- com.qa.testcases.ContactsPageTest -->
