<?xml version="1.0" encoding="UTF-8"?>
<!-- Generated by org.testng.reporters.JUnitReportReporter -->
<testsuite hostname="Raji" failures="0" tests="3" name="com.qa.testcases.HomePageTest" time="44.515" errors="0" timestamp="2023-12-06T18:48:35 IST" skipped="0">
  <testcase classname="com.qa.testcases.HomePageTest" name="PageTitleTest" time="14.911"/>
  <testcase classname="com.qa.testcases.HomePageTest" name="VerifyTheUsernameOnPage" time="15.317"/>
  <testcase classname="com.qa.testcases.HomePageTest" name="VerifyContactsPage" time="14.287"/>
</testsuite> <!-- com.qa.testcases.HomePageTest -->
